<?xml version="1.0" encoding="UTF-8"?>
<testsuite xmlns:xsi="http://www.w3.org/2001/XMLSchema-instance" xsi:noNamespaceSchemaLocation="https://maven.apache.org/surefire/maven-surefire-plugin/xsd/surefire-test-report.xsd" name="com.example.multiplyintegers.MultiplyIntegersTest" time="0.11" tests="4" errors="0" skipped="0" failures="0">
  <properties>
[...]
</properties>
  <testcase name="testSingleNumber" classname="com.example.multiplyintegers.MultiplyIntegersTest" time="0.059"/>
  <testcase name="testNoNumber" classname="com.example.multiplyintegers.MultiplyIntegersTest" time="0.004"/>
  <testcase name="testThreeNumbers" classname="com.example.multiplyintegers.MultiplyIntegersTest" time="0.001"/>
  <testcase name="testTwoNumbers" classname="com.example.multiplyintegers.MultiplyIntegersTest" time="0.002"/>
</testsuite>